K 25
svn:wc:ra_dav:version-url
V 90
/berkeley/portfolio/svn/!svn/ver/37/chembal/build/org/junit/experimental/theories/internal
END
Assignments.class
K 25
svn:wc:ra_dav:version-url
V 108
/berkeley/portfolio/svn/!svn/ver/37/chembal/build/org/junit/experimental/theories/internal/Assignments.class
END
AllMembersSupplier$1.class
K 25
svn:wc:ra_dav:version-url
V 117
/berkeley/portfolio/svn/!svn/ver/37/chembal/build/org/junit/experimental/theories/internal/AllMembersSupplier$1.class
END
ParameterizedAssertionError.class
K 25
svn:wc:ra_dav:version-url
V 124
/berkeley/portfolio/svn/!svn/ver/37/chembal/build/org/junit/experimental/theories/internal/ParameterizedAssertionError.class
END
AllMembersSupplier.class
K 25
svn:wc:ra_dav:version-url
V 115
/berkeley/portfolio/svn/!svn/ver/37/chembal/build/org/junit/experimental/theories/internal/AllMembersSupplier.class
END
AllMembersSupplier$MethodParameterValue.class
K 25
svn:wc:ra_dav:version-url
V 136
/berkeley/portfolio/svn/!svn/ver/37/chembal/build/org/junit/experimental/theories/internal/AllMembersSupplier$MethodParameterValue.class
END
